<?xml version="1.0" encoding="UTF-8"?>
<!-- Generated by org.testng.reporters.JUnitReportReporter -->
<testsuite hostname="DESKTOP-VDK60QV" name="se.andersson.selenium.tests.SelectorTest" tests="2" failures="0" timestamp="16 Jan 2020 09:44:42 GMT" time="14.715" errors="0">
  <testcase name="selectXpath" time="4.785" classname="se.andersson.selenium.tests.SelectorTest"/>
  <testcase name="selectCSS" time="9.930" classname="se.andersson.selenium.tests.SelectorTest"/>
</testsuite> <!-- se.andersson.selenium.tests.SelectorTest -->
