<?xml version="1.0" encoding="UTF-8"?>
<!-- Generated by org.testng.reporters.JUnitReportReporter -->
<testsuite hostname="DESKTOP-VDK60QV" name="se.andersson.selenium.tests.ShopTest" tests="1" failures="0" timestamp="16 Jan 2020 09:44:42 GMT" time="54.657" errors="0">
  <testcase name="buyStuff" time="54.657" classname="se.andersson.selenium.tests.ShopTest"/>
</testsuite> <!-- se.andersson.selenium.tests.ShopTest -->
