<?xml version="1.0" encoding="UTF-8"?>
<!-- Generated by org.testng.reporters.JUnitReportReporter -->
<testsuite hostname="DESKTOP-VDK60QV" name="se.andersson.selenium.tests.ProxyTest" tests="1" failures="0" timestamp="16 Jan 2020 09:44:42 GMT" time="13.040" errors="0">
  <testcase name="testCaseOne" time="13.040" classname="se.andersson.selenium.tests.ProxyTest"/>
</testsuite> <!-- se.andersson.selenium.tests.ProxyTest -->
