<?xml version="1.0" encoding="UTF-8"?>
<!-- Generated by org.testng.reporters.JUnitReportReporter -->
<testsuite hostname="DESKTOP-VDK60QV" name="se.andersson.selenium.tests.MenuTest" tests="3" failures="0" timestamp="16 Jan 2020 09:44:41 GMT" time="45.393" errors="0">
  <testcase name="headerLinks" time="13.286" classname="se.andersson.selenium.tests.MenuTest"/>
  <testcase name="mainMenu" time="13.567" classname="se.andersson.selenium.tests.MenuTest"/>
  <testcase name="leftMenu" time="18.540" classname="se.andersson.selenium.tests.MenuTest"/>
</testsuite> <!-- se.andersson.selenium.tests.MenuTest -->
